Size: 4294967296
Loops: 1000000
Batch size: 16
Initialization done
naive: 5952.34 ns per search, 186.01 ns per access
coroutine batched: 3955.32 ns per search, 123.60 ns per access
------------
Size: 4294967296
Loops: 1000000
Batch size: 16
Initialization done
naive: 5907.81 ns per search, 184.62 ns per access
coroutine batched: 4062.24 ns per search, 126.94 ns per access
------------
Size: 4294967296
Loops: 1000000
Batch size: 16
Initialization done
naive: 6237.78 ns per search, 194.93 ns per access
coroutine batched: 3697.18 ns per search, 115.54 ns per access
------------
Size: 4294967296
Loops: 1000000
Batch size: 16
Initialization done
naive: 5432.96 ns per search, 169.78 ns per access
coroutine batched: 4503.45 ns per search, 140.73 ns per access
------------
Size: 4294967296
Loops: 1000000
Batch size: 16
Initialization done
naive: 7402.80 ns per search, 231.34 ns per access
coroutine batched: 2242.59 ns per search, 70.08 ns per access
------------
Size: 4294967296
Loops: 1000000
Batch size: 16
Initialization done
naive: 6909.29 ns per search, 215.92 ns per access
coroutine batched: 2531.38 ns per search, 79.11 ns per access
------------
Size: 4294967296
Loops: 1000000
Batch size: 16
Initialization done
naive: 7080.17 ns per search, 221.26 ns per access
coroutine batched: 2384.96 ns per search, 74.53 ns per access
------------
Size: 4294967296
Loops: 1000000
Batch size: 16
Initialization done
naive: 5659.42 ns per search, 176.86 ns per access
coroutine batched: 4291.17 ns per search, 134.10 ns per access
------------
Size: 4294967296
Loops: 1000000
Batch size: 16
Initialization done
naive: 5994.15 ns per search, 187.32 ns per access
coroutine batched: 4453.10 ns per search, 139.16 ns per access
------------
Size: 4294967296
Loops: 1000000
Batch size: 16
Initialization done
naive: 5454.18 ns per search, 170.44 ns per access
coroutine batched: 4392.27 ns per search, 137.26 ns per access
------------
Size: 4294967296
Loops: 1000000
Batch size: 16
Initialization done
naive: 6848.12 ns per search, 214.00 ns per access
coroutine batched: 2456.60 ns per search, 76.77 ns per access
------------
Size: 4294967296
Loops: 1000000
Batch size: 16
Initialization done
naive: 5167.39 ns per search, 161.48 ns per access
coroutine batched: 4588.51 ns per search, 143.39 ns per access
------------
Size: 4294967296
Loops: 1000000
Batch size: 16
Initialization done
naive: 5675.33 ns per search, 177.35 ns per access
coroutine batched: 4783.45 ns per search, 149.48 ns per access
------------
Size: 4294967296
Loops: 1000000
Batch size: 16
Initialization done
naive: 6810.88 ns per search, 212.84 ns per access
coroutine batched: 2610.03 ns per search, 81.56 ns per access
------------
Size: 4294967296
Loops: 1000000
Batch size: 16
Initialization done
naive: 5393.47 ns per search, 168.55 ns per access
coroutine batched: 4541.54 ns per search, 141.92 ns per access
------------
Size: 4294967296
Loops: 1000000
Batch size: 16
Initialization done
naive: 5352.42 ns per search, 167.26 ns per access
coroutine batched: 4493.86 ns per search, 140.43 ns per access
------------
Size: 4294967296
Loops: 1000000
Batch size: 16
Initialization done
naive: 5444.01 ns per search, 170.13 ns per access
coroutine batched: 4386.99 ns per search, 137.09 ns per access
------------
Size: 4294967296
Loops: 1000000
Batch size: 16
Initialization done
naive: 5338.05 ns per search, 166.81 ns per access
coroutine batched: 4505.07 ns per search, 140.78 ns per access
------------
Size: 4294967296
Loops: 1000000
Batch size: 16
Initialization done
naive: 5528.98 ns per search, 172.78 ns per access
coroutine batched: 4250.08 ns per search, 132.81 ns per access
------------
Size: 4294967296
Loops: 1000000
Batch size: 16
Initialization done
naive: 5726.12 ns per search, 178.94 ns per access
coroutine batched: 4067.08 ns per search, 127.10 ns per access
------------
Size: 4294967296
Loops: 1000000
Batch size: 16
Initialization done
naive: 5896.87 ns per search, 184.28 ns per access
coroutine batched: 3934.54 ns per search, 122.95 ns per access
------------
Size: 4294967296
Loops: 1000000
Batch size: 16
Initialization done
naive: 6751.65 ns per search, 210.99 ns per access
coroutine batched: 3922.67 ns per search, 122.58 ns per access
------------
Size: 4294967296
Loops: 1000000
Batch size: 16
Initialization done
naive: 5821.46 ns per search, 181.92 ns per access
coroutine batched: 4166.40 ns per search, 130.20 ns per access
------------
Size: 4294967296
Loops: 1000000
Batch size: 16
Initialization done
naive: 5682.39 ns per search, 177.57 ns per access
coroutine batched: 4082.33 ns per search, 127.57 ns per access
------------
Size: 4294967296
Loops: 1000000
Batch size: 16
Initialization done
naive: 5614.01 ns per search, 175.44 ns per access
coroutine batched: 4241.03 ns per search, 132.53 ns per access
------------
Size: 4294967296
Loops: 1000000
Batch size: 16
Initialization done
naive: 4687.42 ns per search, 146.48 ns per access
coroutine batched: 4900.74 ns per search, 153.15 ns per access
------------
Size: 4294967296
Loops: 1000000
Batch size: 16
Initialization done
naive: 5480.40 ns per search, 171.26 ns per access
coroutine batched: 4331.07 ns per search, 135.35 ns per access
------------
Size: 4294967296
Loops: 1000000
Batch size: 16
Initialization done
naive: 5926.41 ns per search, 185.20 ns per access
coroutine batched: 4133.75 ns per search, 129.18 ns per access
------------
Size: 4294967296
Loops: 1000000
Batch size: 16
Initialization done
naive: 5537.74 ns per search, 173.05 ns per access
coroutine batched: 4416.44 ns per search, 138.01 ns per access
------------
Size: 4294967296
Loops: 1000000
Batch size: 16
Initialization done
naive: 5688.57 ns per search, 177.77 ns per access
coroutine batched: 4863.99 ns per search, 152.00 ns per access
------------
Size: 4294967296
Loops: 1000000
Batch size: 16
Initialization done
naive: 5492.21 ns per search, 171.63 ns per access
coroutine batched: 4593.29 ns per search, 143.54 ns per access
------------
Size: 4294967296
Loops: 1000000
Batch size: 16
Initialization done
naive: 5537.23 ns per search, 173.04 ns per access
coroutine batched: 4417.50 ns per search, 138.05 ns per access
------------
Size: 4294967296
Loops: 1000000
Batch size: 16
Initialization done
naive: 5314.60 ns per search, 166.08 ns per access
coroutine batched: 4663.97 ns per search, 145.75 ns per access
------------
Size: 4294967296
Loops: 1000000
Batch size: 16
Initialization done
naive: 5329.10 ns per search, 166.53 ns per access
coroutine batched: 4652.30 ns per search, 145.38 ns per access
------------
Size: 4294967296
Loops: 1000000
Batch size: 16
Initialization done
naive: 5688.00 ns per search, 177.75 ns per access
coroutine batched: 4224.77 ns per search, 132.02 ns per access
------------
Size: 4294967296
Loops: 1000000
Batch size: 16
Initialization done
naive: 5429.27 ns per search, 169.66 ns per access
coroutine batched: 4784.63 ns per search, 149.52 ns per access
------------
Size: 4294967296
Loops: 1000000
Batch size: 16
Initialization done
naive: 5093.75 ns per search, 159.18 ns per access
coroutine batched: 4675.90 ns per search, 146.12 ns per access
------------
Size: 4294967296
Loops: 1000000
Batch size: 16
Initialization done
naive: 6801.22 ns per search, 212.54 ns per access
coroutine batched: 2702.42 ns per search, 84.45 ns per access
------------
Size: 4294967296
Loops: 1000000
Batch size: 16
Initialization done
naive: 5162.08 ns per search, 161.32 ns per access
coroutine batched: 4716.71 ns per search, 147.40 ns per access
------------
Size: 4294967296
Loops: 1000000
Batch size: 16
Initialization done
naive: 5490.93 ns per search, 171.59 ns per access
coroutine batched: 4448.09 ns per search, 139.00 ns per access
------------
Size: 4294967296
Loops: 1000000
Batch size: 16
Initialization done
naive: 5539.52 ns per search, 173.11 ns per access
coroutine batched: 4412.83 ns per search, 137.90 ns per access
------------
Size: 4294967296
Loops: 1000000
Batch size: 16
Initialization done
naive: 5461.51 ns per search, 170.67 ns per access
coroutine batched: 4615.82 ns per search, 144.24 ns per access
------------
Size: 4294967296
Loops: 1000000
Batch size: 16
Initialization done
naive: 5592.47 ns per search, 174.76 ns per access
coroutine batched: 4285.91 ns per search, 133.93 ns per access
------------
Size: 4294967296
Loops: 1000000
Batch size: 16
Initialization done
naive: 5327.28 ns per search, 166.48 ns per access
coroutine batched: 4573.74 ns per search, 142.93 ns per access
------------
Size: 4294967296
Loops: 1000000
Batch size: 16
Initialization done
naive: 5530.47 ns per search, 172.83 ns per access
coroutine batched: 4326.43 ns per search, 135.20 ns per access
------------
Size: 4294967296
Loops: 1000000
Batch size: 16
Initialization done
naive: 5028.77 ns per search, 157.15 ns per access
coroutine batched: 4816.96 ns per search, 150.53 ns per access
------------
Size: 4294967296
Loops: 1000000
Batch size: 16
Initialization done
naive: 5427.41 ns per search, 169.61 ns per access
coroutine batched: 4430.28 ns per search, 138.45 ns per access
------------
Size: 4294967296
Loops: 1000000
Batch size: 16
Initialization done
naive: 5453.70 ns per search, 170.43 ns per access
coroutine batched: 4529.53 ns per search, 141.55 ns per access
------------
Size: 4294967296
Loops: 1000000
Batch size: 16
Initialization done
naive: 5628.61 ns per search, 175.89 ns per access
coroutine batched: 4465.73 ns per search, 139.55 ns per access
------------
Size: 4294967296
Loops: 1000000
Batch size: 16
Initialization done
naive: 5864.70 ns per search, 183.27 ns per access
coroutine batched: 4229.57 ns per search, 132.17 ns per access
------------
Size: 4294967296
Loops: 1000000
Batch size: 16
Initialization done
naive: 5279.90 ns per search, 165.00 ns per access
coroutine batched: 4667.52 ns per search, 145.86 ns per access
------------
Size: 4294967296
Loops: 1000000
Batch size: 16
Initialization done
naive: 5465.89 ns per search, 170.81 ns per access
coroutine batched: 4471.06 ns per search, 139.72 ns per access
------------
Size: 4294967296
Loops: 1000000
Batch size: 16
Initialization done
naive: 5183.53 ns per search, 161.99 ns per access
coroutine batched: 4717.59 ns per search, 147.42 ns per access
------------
Size: 4294967296
Loops: 1000000
Batch size: 16
Initialization done
naive: 5484.69 ns per search, 171.40 ns per access
coroutine batched: 4374.73 ns per search, 136.71 ns per access
------------
Size: 4294967296
Loops: 1000000
Batch size: 16
Initialization done
naive: 5320.37 ns per search, 166.26 ns per access
coroutine batched: 4613.51 ns per search, 144.17 ns per access
------------
Size: 4294967296
Loops: 1000000
Batch size: 16
Initialization done
naive: 5528.43 ns per search, 172.76 ns per access
coroutine batched: 4524.57 ns per search, 141.39 ns per access
------------
Size: 4294967296
Loops: 1000000
Batch size: 16
Initialization done
naive: 5515.51 ns per search, 172.36 ns per access
coroutine batched: 4349.37 ns per search, 135.92 ns per access
------------
Size: 4294967296
Loops: 1000000
Batch size: 16
Initialization done
naive: 5620.57 ns per search, 175.64 ns per access
coroutine batched: 4413.15 ns per search, 137.91 ns per access
------------
Size: 4294967296
Loops: 1000000
Batch size: 16
Initialization done
naive: 5058.58 ns per search, 158.08 ns per access
coroutine batched: 4706.05 ns per search, 147.06 ns per access
------------
Size: 4294967296
Loops: 1000000
Batch size: 16
Initialization done
naive: 5849.31 ns per search, 182.79 ns per access
coroutine batched: 4337.22 ns per search, 135.54 ns per access
------------
Size: 4294967296
Loops: 1000000
Batch size: 16
Initialization done
naive: 5676.05 ns per search, 177.38 ns per access
coroutine batched: 4420.23 ns per search, 138.13 ns per access
------------
Size: 4294967296
Loops: 1000000
Batch size: 16
Initialization done
naive: 5416.73 ns per search, 169.27 ns per access
coroutine batched: 4422.99 ns per search, 138.22 ns per access
------------
Size: 4294967296
Loops: 1000000
Batch size: 16
Initialization done
naive: 5714.72 ns per search, 178.58 ns per access
coroutine batched: 4300.53 ns per search, 134.39 ns per access
------------
Size: 4294967296
Loops: 1000000
Batch size: 16
Initialization done
naive: 5396.63 ns per search, 168.64 ns per access
coroutine batched: 4558.90 ns per search, 142.47 ns per access
------------
Size: 4294967296
Loops: 1000000
Batch size: 16
Initialization done
naive: 5928.67 ns per search, 185.27 ns per access
coroutine batched: 4087.18 ns per search, 127.72 ns per access
------------
Size: 4294967296
Loops: 1000000
Batch size: 16
Initialization done
naive: 5368.17 ns per search, 167.76 ns per access
coroutine batched: 4559.24 ns per search, 142.48 ns per access
------------
Size: 4294967296
Loops: 1000000
Batch size: 16
Initialization done
naive: 6816.38 ns per search, 213.01 ns per access
coroutine batched: 2680.06 ns per search, 83.75 ns per access
------------
Size: 4294967296
Loops: 1000000
Batch size: 16
Initialization done
naive: 5453.41 ns per search, 170.42 ns per access
coroutine batched: 4552.95 ns per search, 142.28 ns per access
------------
Size: 4294967296
Loops: 1000000
Batch size: 16
Initialization done
naive: 5886.87 ns per search, 183.96 ns per access
coroutine batched: 4587.44 ns per search, 143.36 ns per access
------------
Size: 4294967296
Loops: 1000000
Batch size: 16
Initialization done
naive: 5307.40 ns per search, 165.86 ns per access
coroutine batched: 4456.67 ns per search, 139.27 ns per access
------------
Size: 4294967296
Loops: 1000000
Batch size: 16
Initialization done
naive: 5705.76 ns per search, 178.30 ns per access
coroutine batched: 4255.74 ns per search, 132.99 ns per access
------------
Size: 4294967296
Loops: 1000000
Batch size: 16
Initialization done
naive: 5490.84 ns per search, 171.59 ns per access
coroutine batched: 4390.96 ns per search, 137.22 ns per access
------------
Size: 4294967296
Loops: 1000000
Batch size: 16
Initialization done
naive: 4834.45 ns per search, 151.08 ns per access
coroutine batched: 4857.41 ns per search, 151.79 ns per access
------------
Size: 4294967296
Loops: 1000000
Batch size: 16
Initialization done
naive: 5698.30 ns per search, 178.07 ns per access
coroutine batched: 4442.52 ns per search, 138.83 ns per access
------------
Size: 4294967296
Loops: 1000000
Batch size: 16
Initialization done
naive: 5568.66 ns per search, 174.02 ns per access
coroutine batched: 4528.95 ns per search, 141.53 ns per access
------------
Size: 4294967296
Loops: 1000000
Batch size: 16
Initialization done
naive: 5474.16 ns per search, 171.07 ns per access
coroutine batched: 4416.80 ns per search, 138.03 ns per access
------------
Size: 4294967296
Loops: 1000000
Batch size: 16
Initialization done
naive: 5758.08 ns per search, 179.94 ns per access
coroutine batched: 4342.96 ns per search, 135.72 ns per access
------------
Size: 4294967296
Loops: 1000000
Batch size: 16
Initialization done
naive: 5666.39 ns per search, 177.07 ns per access
coroutine batched: 4422.37 ns per search, 138.20 ns per access
------------
Size: 4294967296
Loops: 1000000
Batch size: 16
Initialization done
naive: 5273.17 ns per search, 164.79 ns per access
coroutine batched: 4729.75 ns per search, 147.80 ns per access
------------
Size: 4294967296
Loops: 1000000
Batch size: 16
Initialization done
naive: 5293.05 ns per search, 165.41 ns per access
coroutine batched: 4647.19 ns per search, 145.22 ns per access
------------
Size: 4294967296
Loops: 1000000
Batch size: 16
Initialization done
naive: 5489.43 ns per search, 171.54 ns per access
coroutine batched: 4497.25 ns per search, 140.54 ns per access
------------
Size: 4294967296
Loops: 1000000
Batch size: 16
Initialization done
naive: 5224.55 ns per search, 163.27 ns per access
coroutine batched: 4767.88 ns per search, 149.00 ns per access
------------
Size: 4294967296
Loops: 1000000
Batch size: 16
Initialization done
naive: 5247.21 ns per search, 163.98 ns per access
coroutine batched: 4530.72 ns per search, 141.59 ns per access
------------
Size: 4294967296
Loops: 1000000
Batch size: 16
Initialization done
naive: 5551.58 ns per search, 173.49 ns per access
coroutine batched: 4729.49 ns per search, 147.80 ns per access
------------
Size: 4294967296
Loops: 1000000
Batch size: 16
Initialization done
naive: 5403.84 ns per search, 168.87 ns per access
coroutine batched: 4579.27 ns per search, 143.10 ns per access
------------
Size: 4294967296
Loops: 1000000
Batch size: 16
Initialization done
naive: 5395.00 ns per search, 168.59 ns per access
coroutine batched: 4576.02 ns per search, 143.00 ns per access
------------
Size: 4294967296
Loops: 1000000
Batch size: 16
Initialization done
naive: 5509.02 ns per search, 172.16 ns per access
coroutine batched: 4472.29 ns per search, 139.76 ns per access
------------
Size: 4294967296
Loops: 1000000
Batch size: 16
Initialization done
naive: 5547.66 ns per search, 173.36 ns per access
coroutine batched: 4360.59 ns per search, 136.27 ns per access
------------
Size: 4294967296
Loops: 1000000
Batch size: 16
Initialization done
naive: 5294.82 ns per search, 165.46 ns per access
coroutine batched: 4628.48 ns per search, 144.64 ns per access
------------
Size: 4294967296
Loops: 1000000
Batch size: 16
Initialization done
naive: 4380.34 ns per search, 136.89 ns per access
coroutine batched: 1540.78 ns per search, 48.15 ns per access
------------
Size: 4294967296
Loops: 1000000
Batch size: 16
Initialization done
naive: 5536.47 ns per search, 173.01 ns per access
coroutine batched: 4413.63 ns per search, 137.93 ns per access
------------
Size: 4294967296
Loops: 1000000
Batch size: 16
Initialization done
naive: 5636.80 ns per search, 176.15 ns per access
coroutine batched: 4236.03 ns per search, 132.38 ns per access
------------
Size: 4294967296
Loops: 1000000
Batch size: 16
Initialization done
naive: 6712.54 ns per search, 209.77 ns per access
coroutine batched: 2461.65 ns per search, 76.93 ns per access
------------
Size: 4294967296
Loops: 1000000
Batch size: 16
Initialization done
naive: 7300.09 ns per search, 228.13 ns per access
coroutine batched: 2560.81 ns per search, 80.03 ns per access
------------
Size: 4294967296
Loops: 1000000
Batch size: 16
Initialization done
naive: 5441.42 ns per search, 170.04 ns per access
coroutine batched: 4421.21 ns per search, 138.16 ns per access
------------
Size: 4294967296
Loops: 1000000
Batch size: 16
Initialization done
naive: 5634.53 ns per search, 176.08 ns per access
coroutine batched: 4545.02 ns per search, 142.03 ns per access
------------
Size: 4294967296
Loops: 1000000
Batch size: 16
Initialization done
naive: 6661.18 ns per search, 208.16 ns per access
coroutine batched: 2732.30 ns per search, 85.38 ns per access
------------
Size: 4294967296
Loops: 1000000
Batch size: 16
Initialization done
naive: 5384.25 ns per search, 168.26 ns per access
coroutine batched: 4897.93 ns per search, 153.06 ns per access
------------
Size: 4294967296
Loops: 1000000
Batch size: 16
Initialization done
naive: 5518.45 ns per search, 172.45 ns per access
coroutine batched: 4377.07 ns per search, 136.78 ns per access
------------
Size: 4294967296
Loops: 1000000
Batch size: 16
Initialization done
naive: 5464.05 ns per search, 170.75 ns per access
coroutine batched: 4542.29 ns per search, 141.95 ns per access
------------
